"../../../Engine/Content/Animation/DefaultAnimCurveCompressionSettings.uasset" 0
"../../../Engine/Content/Functions/Engine_MaterialFunctions01/Opacity/CameraDepthFade.uasset" 1
"../../../Engine/Content/EngineMaterials/T_Default_Material_Grid_M.uasset" 2
"../../../Engine/Content/EngineMaterials/T_Default_Material_Grid_N.uasset" 3
"../../../Engine/Content/EngineMaterials/WorldGridMaterial.uasset" 4
"../../../Engine/Content/ArtTools/RenderToTexture/Meshes/S_1_Unit_Plane.uasset" 5
"../../../Engine/Content/EngineMaterials/DefaultMaterial.uasset" 6
"../../../Engine/Content/BasicShapes/Cone.uasset" 7
"../../../Engine/Content/BasicShapes/Cube.uasset" 8
"../../../Engine/Content/BasicShapes/Cylinder.uasset" 9
"../../../Engine/Content/BasicShapes/Plane.uasset" 10
"../../../Engine/Content/EditorLandscapeResources/DataLayer.uasset" 11
"../../../Engine/Content/EditorMaterials/MAT_Groups_Toggle.uasset" 12
"../../../Engine/Content/EditorMaterials/MAT_Groups_Visibility.uasset" 13
"../../../Engine/Content/EditorMaterials/PreviewShadowIndicator.uasset" 14
"../../../Engine/Content/EditorMaterials/PreviewShadowIndicatorMaterial.uasset" 15
"../../../Engine/Content/EditorMaterials/MatineeGroups/MAT_ColorTrack.uasset" 16
"../../../Engine/Content/EditorMaterials/MatineeGroups/MAT_Groups_Anim.uasset" 17
"../../../Engine/Content/EditorMaterials/MatineeGroups/MAT_Groups_AudioMaster.uasset" 18
"../../../Engine/Content/EditorMaterials/MatineeGroups/MAT_Groups_Director.uasset" 19
"../../../Engine/Content/EditorMaterials/MatineeGroups/MAT_Groups_Event.uasset" 20
"../../../Engine/Content/EditorMaterials/MatineeGroups/MAT_Groups_Fade.uasset" 21
"../../../Engine/Content/EditorMaterials/MatineeGroups/MAT_Groups_Float.uasset" 22
"../../../Engine/Content/EditorMaterials/MatineeGroups/MAT_Groups_Move.uasset" 23
"../../../Engine/Content/EditorMaterials/MatineeGroups/MAT_Groups_Slomo.uasset" 24
"../../../Engine/Content/EditorMaterials/MatineeGroups/MAT_Groups_Sound.uasset" 25
"../../../Engine/Content/EditorMaterials/MatineeGroups/MAT_Groups_Vector.uasset" 26
"../../../Engine/Content/EditorMaterials/ParticleSystems/PSysThumbnail_NoImage.uasset" 27
"../../../Engine/Content/EditorMaterials/ParticleSystems/PSysThumbnail_OOD.uasset" 28
"../../../Engine/Content/EditorMaterials/Camera/CineMat.uasset" 29
"../../../Engine/Content/EditorMaterials/Camera/MI_CineMat_Rig.uasset" 30
"../../../Engine/Content/EditorMeshes/Camera/SM_CraneRig_Arm.uasset" 31
"../../../Engine/Content/EditorMeshes/Camera/SM_CraneRig_Base.uasset" 32
"../../../Engine/Content/EditorMeshes/Camera/SM_CraneRig_Body.uasset" 33
"../../../Engine/Content/EditorMeshes/Camera/SM_CraneRig_Mount.uasset" 34
"../../../Engine/Content/EditorMeshes/Camera/SM_RailRig_Mount.uasset" 35
"../../../Engine/Content/EditorMeshes/Camera/SM_RailRig_Track.uasset" 36
"../../../Engine/Content/EditorResources/BSPVertex.uasset" 37
"../../../Engine/Content/EditorResources/EmptyActor.uasset" 38
"../../../Engine/Content/EditorResources/S_Actor.uasset" 39
"../../../Engine/Content/EditorResources/S_Note.uasset" 40
"../../../Engine/Content/EditorResources/S_Solver.uasset" 41
"../../../Engine/Content/EditorResources/S_Trigger.uasset" 42
"../../../Engine/Content/EditorResources/SequenceRecorder/Countdown.uasset" 43
"../../../Engine/Content/EditorResources/SequenceRecorder/RecordingIndicator.uasset" 44
"../../../Engine/Content/EditorSounds/Notifications/CompileFailed.uasset" 45
"../../../Engine/Content/EditorSounds/Notifications/CompileFailed_Cue.uasset" 46
"../../../Engine/Content/EditorSounds/Notifications/CompileSuccess.uasset" 47
"../../../Engine/Content/EditorSounds/Notifications/CompileStart_Cue.uasset" 48
"../../../Engine/Content/EditorSounds/Notifications/CompileSuccess_Cue.uasset" 49
"../../../Engine/Content/EngineDamageTypes/DmgTypeBP_Environmental.uasset" 50
"../../../Engine/Content/EngineDebugMaterials/DebugEditorMaterial.uasset" 51
"../../../Engine/Content/EngineDebugMaterials/DebugMeshMaterial.uasset" 52
"../../../Engine/Content/EngineDebugMaterials/M_SimpleTranslucent.uasset" 53
"../../../Engine/Content/Functions/Engine_MaterialFunctions02/Utility/CameraDirectionVector.uasset" 54
"../../../Engine/Content/EngineDebugMaterials/VolumeToRender.uasset" 55
"../../../Engine/Content/EngineDebugMaterials/M_VolumeRenderSphereTracePP.uasset" 56
"../../../Engine/Content/EngineDebugMaterials/WireframeMaterial.uasset" 57
"../../../Engine/Content/EngineFonts/Faces/DroidSansFallback.uasset" 58
"../../../Engine/Content/EngineFonts/Faces/RobotoBold.uasset" 59
"../../../Engine/Content/EngineFonts/Faces/RobotoBoldItalic.uasset" 60
"../../../Engine/Content/EngineFonts/Faces/RobotoItalic.uasset" 61
"../../../Engine/Content/EngineFonts/Faces/RobotoLight.uasset" 62
"../../../Engine/Content/EngineFonts/Faces/RobotoRegular.uasset" 63
"../../../Engine/Content/EngineFonts/Roboto.uasset" 64
"../../../Engine/Content/EngineMaterials/BaseFlattenDiffuseMap.uasset" 65
"../../../Engine/Content/EngineMaterials/BaseFlattenEmissiveMap.uasset" 66
"../../../Engine/Content/EngineMaterials/BaseFlattenGrayscaleMap.uasset" 67
"../../../Engine/Content/EngineMaterials/BaseFlattenNormalMap.uasset" 68
"../../../Engine/Content/EngineMaterials/BaseFlattenMaterial.uasset" 69
"../../../Engine/Content/EngineMaterials/BlueNoise.uasset" 70
"../../../Engine/Content/EngineMaterials/DefaultBloomKernel.uasset" 71
"../../../Engine/Content/EngineMaterials/DefaultBokeh.uasset" 72
"../../../Engine/Content/EngineMaterials/DefaultDiffuse.uasset" 73
"../../../Engine/Content/EngineMaterials/DefaultDeferredDecalMaterial.uasset" 74
"../../../Engine/Content/EngineMaterials/DefaultLightFunctionMaterial.uasset" 75
"../../../Engine/Content/EngineMaterials/DefaultPhysicalMaterial.uasset" 76
"../../../Engine/Content/Functions/Engine_MaterialFunctions02/Utility/BreakOutFloat2Components.uasset" 77
"../../../Engine/Content/EngineMaterials/DefaultPostProcessMaterial.uasset" 78
"../../../Engine/Content/EngineFonts/RobotoDistanceField.uasset" 79
"../../../Engine/Content/EngineMaterials/DefaultTextMaterialOpaque.uasset" 80
"../../../Engine/Content/EngineMaterials/DefaultVirtualTextureMaterial.uasset" 81
"../../../Engine/Content/EngineMaterials/DefaultWhiteGrid.uasset" 82
"../../../Engine/Content/EngineMaterials/DefaultWhiteGrid_Low.uasset" 83
"../../../Engine/Content/EngineMaterials/EmissiveMeshMaterial.uasset" 84
"../../../Engine/Content/EngineMaterials/GizmoMaterial.uasset" 85
"../../../Engine/Content/EngineMaterials/Good64x64TilingNoiseHighFreq.uasset" 86
"../../../Engine/Content/EngineMaterials/HairDefaultMaterial.uasset" 87
"../../../Engine/Content/EngineMaterials/MiniFont.uasset" 88
"../../../Engine/Content/EngineMaterials/InvalidLightmapSettings.uasset" 89
"../../../Engine/Content/EngineMaterials/M_InvalidLightmapSettings.uasset" 90
"../../../Engine/Content/Functions/Engine_MaterialFunctions02/WorldPositionOffset/CameraOffset.uasset" 91
"../../../Engine/Content/EngineMaterials/PhAT_JointLimitMaterial.uasset" 92
"../../../Engine/Content/EngineMaterials/PreintegratedSkinBRDF.uasset" 93
"../../../Engine/Content/EngineMaterials/RemoveSurfaceMaterial.uasset" 94
"../../../Engine/Content/EngineMaterials/WeightMapPlaceholderTexture.uasset" 95
"../../../Engine/Content/EngineResources/WhiteSquareTexture.uasset" 96
"../../../Engine/Content/EngineMaterials/Widget3DPassThrough.uasset" 97
"../../../Engine/Content/EngineMaterials/Widget3DPassThrough_Masked.uasset" 98
"../../../Engine/Content/EngineMaterials/Widget3DPassThrough_Opaque.uasset" 99
"../../../Engine/Content/EngineMaterials/Widget3DPassThrough_Masked_OneSided.uasset" 100
"../../../Engine/Content/EngineMaterials/Widget3DPassThrough_Opaque_OneSided.uasset" 101
"../../../Engine/Content/EngineMaterials/Widget3DPassThrough_Translucent.uasset" 102
"../../../Engine/Content/EngineMaterials/Widget3DPassThrough_Translucent_OneSided.uasset" 103
"../../../Engine/Content/EngineMeshes/Cylinder.uasset" 104
"../../../Engine/Content/EngineMeshes/Sphere.uasset" 105
"../../../Engine/Content/EngineResources/Black.uasset" 106
"../../../Engine/Content/EngineResources/DefaultTexture.uasset" 107
"../../../Engine/Content/EngineResources/DefaultTextureCube.uasset" 108
"../../../Engine/Content/EngineResources/DefaultVolumeTexture2D.uasset" 109
"../../../Engine/Content/EngineResources/DefaultVolumeTexture.uasset" 110
"../../../Engine/Content/EngineResources/GradientTexture0.uasset" 111
"../../../Engine/Content/EngineSounds/Master.uasset" 112
"../../../Engine/Content/Functions/Engine_MaterialFunctions01/Shading/ConvertFromDiffSpec.uasset" 113
"../../../Engine/Content/Functions/Engine_MaterialFunctions01/Shading/PowerToRoughness.uasset" 114
"../../../Engine/Content/Maps/Templates/Thumbnails/Default.uasset" 115
"../../../Engine/Content/Maps/Templates/Thumbnails/TimeOfDay.uasset" 116
"../../../Engine/Content/Maps/Templates/Thumbnails/VR-Basic.uasset" 117
"../../../Engine/Content/MobileResources/T_MobileControls_texture.uasset" 118
"../../../Engine/Content/MobileResources/T_MobileMenu2.uasset" 119
"../../../Engine/Content/MobileResources/HUD/AnalogHat.uasset" 120
"../../../Engine/Content/MobileResources/HUD/VirtualJoystick_Background.uasset" 121
"../../../Engine/Content/MobileResources/HUD/VirtualJoystick_Thumb.uasset" 122
"../../../Engine/Content/MobileResources/HUD/DefaultVirtualJoysticks.uasset" 123
"../../../Engine/Content/MobileResources/HUD/LeftVirtualJoystickOnly.uasset" 124
"../../../Engine/Content/MobileResources/HUD/MobileHUDButton1_off.uasset" 125
"../../../Engine/Content/MobileResources/HUD/MobileHUDButton1_on.uasset" 126
"../../../Engine/Content/MobileResources/HUD/MobileHUDButton2_off.uasset" 127
"../../../Engine/Content/MobileResources/HUD/MobileHUDButton2_on.uasset" 128
"../../../Engine/Content/MobileResources/HUD/MobileHUDButton3.uasset" 129
"../../../Engine/Content/MobileResources/HUD/MobileHUDButtonFire.uasset" 130
"../../../Engine/Content/MobileResources/HUD/MobileHUDDirectionPad.uasset" 131
"../../../Engine/Content/MobileResources/HUD/MobileHUDDirectionPad2.uasset" 132
"../../../Engine/Content/MobileResources/HUD/MobileHUDDirectionPad3.uasset" 133
"../../../Engine/Content/MobileResources/HUD/MobileHUDDirectionStick.uasset" 134
"../../../Engine/Content/MobileResources/HUD/T_Castle_ThumbstickInner.uasset" 135
"../../../Engine/Content/MobileResources/HUD/T_Castle_ThumbstickOutter.uasset" 136
"../../../Engine/Content/Tutorial/ContentIntroCurve.uasset" 137
"../../../Engine/Content/Tutorial/Basics/LevelEditorAttract.uasset" 138
"../../../Engine/Content/VREditor/LaserPointer/VR_LaserPower_01.uasset" 139
"../../../Engine/Content/VREditor/TransformGizmo/TransformGizmoMaterial.uasset" 140
"../../../Engine/Content/VREditor/TransformGizmo/TranslucentTransformGizmoMaterial.uasset" 141
"../../../Engine/Content/VREditor/TransformGizmo/BoundingBoxCorner.uasset" 142
"../../../Engine/Content/VREditor/TransformGizmo/BoundingBoxEdge.uasset" 143
"../../../Engine/Content/VREditor/TransformGizmo/PlaneTranslationHandle.uasset" 144
"../../../Engine/Content/VREditor/TransformGizmo/Main.uasset" 145
"../../../Engine/Content/VREditor/TransformGizmo/Xray.uasset" 146
"../../../Engine/Content/VREditor/TransformGizmo/SM_Sequencer_Key.uasset" 147
"../../../Engine/Content/VREditor/TransformGizmo/SM_Sequencer_Node.uasset" 148
"../../Plugins/2D/Paper2D/Content/PlaceholderTextures/DummySpriteTexture.uasset" 149
"../../Plugins/2D/Paper2D/Content/DummySprite.uasset" 150
"../../Plugins/2D/Paper2D/Content/DefaultPaperTerrainMaterial.uasset" 151
"../../Plugins/2D/Paper2D/Content/DummySpriteTexture.uasset" 152
"../../Plugins/2D/Paper2D/Content/DefaultSpriteMaterial.uasset" 153
"../../Plugins/2D/Paper2D/Content/MaskedUnlitSpriteMaterial.uasset" 154
"../../Plugins/2D/Paper2D/Content/OpaqueUnlitSpriteMaterial.uasset" 155
"../../../Engine/Content/EditorBlueprintResources/StandardMacros.uasset" 156
"../../../Engine/Content/EngineSky/C_Sky_Cloud_Color.uasset" 157
"../../../Engine/Content/EngineSky/C_Sky_Horizon_Color.uasset" 158
"../../../Engine/Content/EngineSky/C_Sky_Zenith_Color.uasset" 159
"../../../Engine/Content/EngineSky/T_Sky_Blue.uasset" 160
"../../../Engine/Content/EngineSky/T_Sky_Clouds_M.uasset" 161
"../../../Engine/Content/EngineSky/T_Sky_Stars.uasset" 162
"../../../Engine/Content/EngineSky/M_Sky_Panning_Clouds2.uasset" 163
"../../../Engine/Content/EngineSky/SM_SkySphere.uasset" 164
"../../../Engine/Content/EngineSky/BP_Sky_Sphere.uasset" 165
"../../../../../Projects/UE4/INDIE_Puzzle01/Content/BP/RotationInterface.uasset" 166
"../../../../../Projects/UE4/INDIE_Puzzle01/Content/MobileStarterContent/Materials/M_Basic_Wall.uasset" 167
"../../../../../Projects/UE4/INDIE_Puzzle01/Content/MobileStarterContent/Materials/BasicRed.uasset" 168
"../../../../../Projects/UE4/INDIE_Puzzle01/Content/Assets/Music/RockSound2.uasset" 169
"../../../../../Projects/UE4/INDIE_Puzzle01/Content/MobileStarterContent/Shapes/Shape_Cube.uasset" 170
"../../../../../Projects/UE4/INDIE_Puzzle01/Content/MobileStarterContent/Shapes/Shape_Pipe.uasset" 171
"../../../../../Projects/UE4/INDIE_Puzzle01/Content/BP/RubicsCubeUnit.uasset" 172
"../../../../../Projects/UE4/INDIE_Puzzle01/Content/Map/MainMenu_BuiltData.uasset" 173
"../../../../../Projects/UE4/INDIE_Puzzle01/Content/Assets/Font/ShadowsIntoLight-Regular.uasset" 174
"../../../../../Projects/UE4/INDIE_Puzzle01/Content/Assets/Font/ShadowsIntoLight-Regular_Font.uasset" 175
"../../../../../Projects/UE4/INDIE_Puzzle01/Content/Widgets/MainMenuW.uasset" 176
"../../../../../Projects/UE4/INDIE_Puzzle01/Content/Map/MainMenu.umap" 177
"../../../../../Projects/UE4/INDIE_Puzzle01/Content/BP/MasterRotatable_BP.uasset" 178
"../../../Engine/Content/Functions/Engine_MaterialFunctions01/Density/ExponentialDensity.uasset" 179
"../../../Engine/Content/Functions/Engine_MaterialFunctions01/Gradient/RadialGradientExponential.uasset" 180
"../../../../../Projects/UE4/INDIE_Puzzle01/Content/MobileStarterContent/Materials/M_Cursor_Decal.uasset" 181
"../../../../../Projects/UE4/INDIE_Puzzle01/Content/MobileStarterContent/Materials/M_Cursor_Decal_Inst.uasset" 182
"../../../../../Projects/UE4/INDIE_Puzzle01/Content/BP/ELitSwipe.uasset" 183
"../../../../../Projects/UE4/INDIE_Puzzle01/Content/BP/ESwipeDir.uasset" 184
"../../../../../Projects/UE4/INDIE_Puzzle01/Content/BP/Puzzle_PC_BP.uasset" 185
"../../../../../Projects/UE4/INDIE_Puzzle01/Content/MobileStarterContent/Shapes/Shape_Cone.uasset" 186
"../../../../../Projects/UE4/INDIE_Puzzle01/Content/MobileStarterContent/Shapes/Shape_Sphere.uasset" 187
"../../../../../Projects/UE4/INDIE_Puzzle01/Content/BP/PuzzlePawnBP.uasset" 188
"../../../../../Projects/UE4/INDIE_Puzzle01/Content/Assets/Music/LevelComplete.uasset" 189
"../../../../../Projects/UE4/INDIE_Puzzle01/Content/Widgets/CompleteLevelW.uasset" 190
"../../../../../Projects/UE4/INDIE_Puzzle01/Content/Widgets/PauseMenuW.uasset" 191
"../../../../../Projects/UE4/INDIE_Puzzle01/Content/BP/GameplayGM_BP.uasset" 192
"../../../Engine/Content/BasicShapes/Sphere.uasset" 193
"../../../../../Projects/UE4/INDIE_Puzzle01/Content/BP/LevelCompleter_BP.uasset" 194
"../../../../../Projects/UE4/INDIE_Puzzle01/Content/Map/RubiksMap01_BuiltData.uasset" 195
"../../../../../Projects/UE4/INDIE_Puzzle01/Content/Map/RubiksMap01.umap" 196
"../../../../../Projects/UE4/INDIE_Puzzle01/Content/Map/RubiksMap02_BuiltData.uasset" 197
"../../../../../Projects/UE4/INDIE_Puzzle01/Content/Map/RubiksMap02.umap" 198
"../../../../../Projects/UE4/INDIE_Puzzle01/Content/Map/RubiksMap03_BuiltData.uasset" 199
"../../../../../Projects/UE4/INDIE_Puzzle01/Content/Map/RubiksMap03.umap" 200
"../../../../../Projects/UE4/INDIE_Puzzle01/Content/Map/RubiksMap04_BuiltData.uasset" 201
"../../../../../Projects/UE4/INDIE_Puzzle01/Content/Map/RubiksMap04.umap" 202
"../../../../../Projects/UE4/INDIE_Puzzle01/Content/Map/RubiksMap05_BuiltData.uasset" 203
"../../../../../Projects/UE4/INDIE_Puzzle01/Content/Map/RubiksMap05.umap" 204
"../../../Engine/Content/Maps/Entry_BuiltData.uasset" 205
"../../../Engine/Content/Maps/Entry.umap" 206
